2025-09-05T01:47:18.892Z - info: [ui] [AppStore] loading 0 repositories from store
2025-09-05T01:47:18.904Z - info: [ui] Opt in reported.
2025-09-05T01:47:19.009Z - info: [ui] [Welcome] no sign in step found. ignoring...
2025-09-05T01:47:19.430Z - info: [ui] [Welcome] no sign in step found. ignoring...
2025-09-05T01:47:19.438Z - info: [ui] launching: 3.4.13-linux1 (Linux 6.6.9-stb-cbg+)
2025-09-05T01:47:19.442Z - info: [ui] execPath: '/usr/lib/github-desktop/github-desktop'
2025-09-05T01:47:19.944Z - info: [ui] [Welcome] no sign in step found. ignoring...
2025-09-05T01:47:24.854Z - info: [ui] [Welcome] no sign in step found. ignoring...
2025-09-05T01:47:32.335Z - info: [ui] [Welcome] no sign in step found. ignoring...
2025-09-05T01:47:32.343Z - info: [ui] [Welcome] no sign in step found. ignoring...
2025-09-05T01:47:34.146Z - info: [ui] [Welcome] advancing to step: SignInToDotComWithBrowser
2025-09-05T01:47:34.149Z - info: [ui] [SignInStore] initializing OAuth flow
2025-09-05T01:47:34.166Z - info: [main] opening in browser: https://github.com/login/oauth/authorize?client_id=3a723b10ac5575cc5bb9&scope=repo%20user%20workflow&state=a7e205fc-886c-45f9-a297-17f85faf11d6
2025-09-05T01:47:34.170Z - info: [ui] [Welcome] current sign in state not found. ignoring...
2025-09-05T01:47:36.286Z - info: [ui] [Welcome] kind Authentication is the same as Authentication. ignoring...
2025-09-05T01:49:01.313Z - info: [main] Received possible protocol arguments: 3
2025-09-05T01:49:01.315Z - info: [main] Processing protocol url
2025-09-05T01:49:01.464Z - info: [ui] [Welcome] kind Authentication is the same as Authentication. ignoring...
2025-09-05T01:49:01.469Z - info: [ui] [Welcome] kind Authentication is the same as Authentication. ignoring...
2025-09-05T01:49:02.270Z - info: [ui] [SignInStore] account resolved
2025-09-05T01:49:02.273Z - info: [ui] [AppStore] adding account archisman-panigrahi (Archisman Panigrahi) to store
2025-09-05T01:49:02.288Z - info: [ui] [Welcome] advancing to step: ConfigureGit
2025-09-05T01:49:02.511Z - info: [ui] [Welcome] no sign in step found. ignoring...
2025-09-05T01:49:02.488Z - info: [main] Received possible protocol arguments: 2
2025-09-05T01:49:02.687Z - info: [main] Processing protocol url
2025-09-05T01:49:03.041Z - info: [ui] [Welcome] no sign in step found. ignoring...
2025-09-05T01:49:49.327Z - error: [ui] Error adding account 'archisman-panigrahi'
Error: Cannot create an item in a locked collection
2025-09-05T01:49:49.335Z - info: [ui] [Welcome] no sign in step found. ignoring...
2025-09-05T01:49:49.381Z - info: [ui] [Welcome] no sign in step found. ignoring...
2025-09-05T01:51:06.269Z - info: [ui] [SignInStore] initializing OAuth flow
2025-09-05T01:51:06.288Z - info: [main] opening in browser: https://github.com/login/oauth/authorize?client_id=3a723b10ac5575cc5bb9&scope=repo%20user%20workflow&state=6eaa33c7-036b-4a0c-9db8-0b81d38a5401
2025-09-05T01:51:15.747Z - info: [main] Received possible protocol arguments: 3
2025-09-05T01:51:15.748Z - info: [main] Processing protocol url
2025-09-05T01:51:16.613Z - info: [ui] [SignInStore] account resolved
2025-09-05T01:51:16.617Z - info: [ui] [AppStore] adding account archisman-panigrahi (Archisman Panigrahi) to store
2025-09-05T01:51:16.974Z - info: [main] Received possible protocol arguments: 2
2025-09-05T01:51:16.990Z - info: [main] Processing protocol url
2025-09-05T01:51:48.189Z - info: [ui] Subscribed 'archisman-panigrahi' to Alive channel
2025-09-05T01:53:41.686Z - info: [ui] Executing clone: git -c init.defaultBranch=main clone --recursive --progress -- https://github.com/archisman-panigrahi/postinstall-scripts.git /home/linux/Documents/GitHub/postinstall-scripts (took 1.779s)
2025-09-05T01:53:41.839Z - info: [ui] [AppStore] adding repository at /home/linux/Documents/GitHub/postinstall-scripts to store
2025-09-05T01:53:44.043Z - info: [ui] [BranchPruner] No branches to prune.
